[2025-07-01 12:24:50] laravel.EMERGENCY: Unable to create configured logger. Using emergency logger. {"exception":"[object] (InvalidArgumentException(code: 0): Log [] is not defined. at /workspaces/app-m-vil-tp4/inventory/vendor/laravel/framework/src/Illuminate/Log/LogManager.php:200)
[stacktrace]
#0 /workspaces/app-m-vil-tp4/inventory/vendor/laravel/framework/src/Illuminate/Log/LogManager.php(125): Illuminate\\Log\\LogManager->resolve()
#1 /workspaces/app-m-vil-tp4/inventory/vendor/laravel/framework/src/Illuminate/Log/LogManager.php(112): Illuminate\\Log\\LogManager->get()
#2 /workspaces/app-m-vil-tp4/inventory/vendor/laravel/framework/src/Illuminate/Log/LogManager.php(590): Illuminate\\Log\\LogManager->driver()
#3 /workspaces/app-m-vil-tp4/inventory/vendor/laravel/framework/src/Illuminate/Foundation/Exceptions/Handler.php(252): Illuminate\\Log\\LogManager->error()
#4 /workspaces/app-m-vil-tp4/inventory/app/Exceptions/Handler.php(39): Illuminate\\Foundation\\Exceptions\\Handler->report()
#5 /workspaces/app-m-vil-tp4/inventory/vendor/laravel/framework/src/Illuminate/Foundation/Console/Kernel.php(366): App\\Exceptions\\Handler->report()
#6 /workspaces/app-m-vil-tp4/inventory/vendor/laravel/framework/src/Illuminate/Foundation/Console/Kernel.php(131): Illuminate\\Foundation\\Console\\Kernel->reportException()
#7 /workspaces/app-m-vil-tp4/inventory/artisan(37): Illuminate\\Foundation\\Console\\Kernel->handle()
#8 {main}
"} 
[2025-07-01 12:24:50] laravel.ERROR: require(/workspaces/app-m-vil-tp4/inventory/routes/api.php): Failed to open stream: No such file or directory {"exception":"[object] (ErrorException(code: 0): require(/workspaces/app-m-vil-tp4/inventory/routes/api.php): Failed to open stream: No such file or directory at /workspaces/app-m-vil-tp4/inventory/vendor/laravel/framework/src/Illuminate/Routing/RouteFileRegistrar.php:35)
[stacktrace]
#0 /workspaces/app-m-vil-tp4/inventory/vendor/laravel/framework/src/Illuminate/Routing/RouteFileRegistrar.php(35): Illuminate\\Foundation\\Bootstrap\\HandleExceptions->handleError()
#1 /workspaces/app-m-vil-tp4/inventory/vendor/laravel/framework/src/Illuminate/Routing/RouteFileRegistrar.php(35): require()
#2 /workspaces/app-m-vil-tp4/inventory/vendor/laravel/framework/src/Illuminate/Routing/Router.php(425): Illuminate\\Routing\\RouteFileRegistrar->register()
#3 /workspaces/app-m-vil-tp4/inventory/vendor/laravel/framework/src/Illuminate/Routing/Router.php(382): Illuminate\\Routing\\Router->loadRoutes()
#4 /workspaces/app-m-vil-tp4/inventory/vendor/laravel/framework/src/Illuminate/Routing/RouteRegistrar.php(163): Illuminate\\Routing\\Router->group()
#5 /workspaces/app-m-vil-tp4/inventory/app/Providers/RouteServiceProvider.php(71): Illuminate\\Routing\\RouteRegistrar->group()
#6 /workspaces/app-m-vil-tp4/inventory/app/Providers/RouteServiceProvider.php(38): App\\Providers\\RouteServiceProvider->mapApiRoutes()
#7 /workspaces/app-m-vil-tp4/inventory/vendor/laravel/framework/src/Illuminate/Container/BoundMethod.php(36): App\\Providers\\RouteServiceProvider->map()
#8 /workspaces/app-m-vil-tp4/inventory/vendor/laravel/framework/src/Illuminate/Container/Util.php(40): Illuminate\\Container\\BoundMethod::Illuminate\\Container\\{closure}()
#9 /workspaces/app-m-vil-tp4/inventory/vendor/laravel/framework/src/Illuminate/Container/BoundMethod.php(93): Illuminate\\Container\\Util::unwrapIfClosure()
#10 /workspaces/app-m-vil-tp4/inventory/vendor/laravel/framework/src/Illuminate/Container/BoundMethod.php(37): Illuminate\\Container\\BoundMethod::callBoundMethod()
#11 /workspaces/app-m-vil-tp4/inventory/vendor/laravel/framework/src/Illuminate/Container/Container.php(653): Illuminate\\Container\\BoundMethod::call()
#12 /workspaces/app-m-vil-tp4/inventory/vendor/laravel/framework/src/Illuminate/Foundation/Support/Providers/RouteServiceProvider.php(122): Illuminate\\Container\\Container->call()
#13 /workspaces/app-m-vil-tp4/inventory/vendor/laravel/framework/src/Illuminate/Foundation/Support/Providers/RouteServiceProvider.php(45): Illuminate\\Foundation\\Support\\Providers\\RouteServiceProvider->loadRoutes()
#14 /workspaces/app-m-vil-tp4/inventory/vendor/laravel/framework/src/Illuminate/Container/BoundMethod.php(36): Illuminate\\Foundation\\Support\\Providers\\RouteServiceProvider->Illuminate\\Foundation\\Support\\Providers\\{closure}()
#15 /workspaces/app-m-vil-tp4/inventory/vendor/laravel/framework/src/Illuminate/Container/Util.php(40): Illuminate\\Container\\BoundMethod::Illuminate\\Container\\{closure}()
#16 /workspaces/app-m-vil-tp4/inventory/vendor/laravel/framework/src/Illuminate/Container/BoundMethod.php(81): Illuminate\\Container\\Util::unwrapIfClosure()
#17 /workspaces/app-m-vil-tp4/inventory/vendor/laravel/framework/src/Illuminate/Container/BoundMethod.php(37): Illuminate\\Container\\BoundMethod::callBoundMethod()
#18 /workspaces/app-m-vil-tp4/inventory/vendor/laravel/framework/src/Illuminate/Container/Container.php(653): Illuminate\\Container\\BoundMethod::call()
#19 /workspaces/app-m-vil-tp4/inventory/vendor/laravel/framework/src/Illuminate/Support/ServiceProvider.php(119): Illuminate\\Container\\Container->call()
#20 /workspaces/app-m-vil-tp4/inventory/vendor/laravel/framework/src/Illuminate/Foundation/Application.php(929): Illuminate\\Support\\ServiceProvider->callBootedCallbacks()
#21 /workspaces/app-m-vil-tp4/inventory/vendor/laravel/framework/src/Illuminate/Foundation/Application.php(907): Illuminate\\Foundation\\Application->bootProvider()
#22 [internal function]: Illuminate\\Foundation\\Application->Illuminate\\Foundation\\{closure}()
#23 /workspaces/app-m-vil-tp4/inventory/vendor/laravel/framework/src/Illuminate/Foundation/Application.php(908): array_walk()
#24 /workspaces/app-m-vil-tp4/inventory/vendor/laravel/framework/src/Illuminate/Foundation/Bootstrap/BootProviders.php(17): Illuminate\\Foundation\\Application->boot()
#25 /workspaces/app-m-vil-tp4/inventory/vendor/laravel/framework/src/Illuminate/Foundation/Application.php(237): Illuminate\\Foundation\\Bootstrap\\BootProviders->bootstrap()
#26 /workspaces/app-m-vil-tp4/inventory/vendor/laravel/framework/src/Illuminate/Foundation/Console/Kernel.php(310): Illuminate\\Foundation\\Application->bootstrapWith()
#27 /workspaces/app-m-vil-tp4/inventory/vendor/laravel/framework/src/Illuminate/Foundation/Console/Kernel.php(127): Illuminate\\Foundation\\Console\\Kernel->bootstrap()
#28 /workspaces/app-m-vil-tp4/inventory/artisan(37): Illuminate\\Foundation\\Console\\Kernel->handle()
#29 {main}
"} 
